<?xml version="1.0" encoding="UTF-8"?>
<!-- Generated by org.testng.reporters.JUnitReportReporter -->
<testsuite skipped="0" hostname="PRAJITH-S" name="NewTest" tests="1" failures="0" timestamp="15 Jul 2020 06:40:08 GMT" time="0.004" errors="0">
  <testcase name="f" time="0.004" classname="NewTest"/>
</testsuite> <!-- NewTest -->
