<?xml version="1.0" encoding="UTF-8"?>
<!-- Generated by org.testng.reporters.JUnitReportReporter -->
<testsuite skipped="0" hostname="PRAJITH-S" name="packagesample.BeforeMtd" tests="1" failures="0" timestamp="15 Jul 2020 10:20:46 GMT" time="14.689" errors="0">
  <testcase name="f" time="14.689" classname="packagesample.BeforeMtd"/>
</testsuite> <!-- packagesample.BeforeMtd -->
