<?xml version="1.0" encoding="UTF-8"?>
<!-- Generated by org.testng.reporters.JUnitReportReporter -->
<testsuite skipped="0" hostname="PRAJITH-S" name="packagesample.FetchBestSellers" tests="1" failures="0" timestamp="15 Jul 2020 13:47:36 GMT" time="15.820" errors="0">
  <testcase name="fetchListOfBestSellers" time="15.820" classname="packagesample.FetchBestSellers"/>
</testsuite> <!-- packagesample.FetchBestSellers -->
