<?xml version="1.0" encoding="UTF-8"?>
<!-- Generated by org.testng.reporters.JUnitReportReporter -->
<testsuite skipped="0" hostname="PRAJITH-S" name="packagesample.NewTest" tests="1" failures="0" timestamp="15 Jul 2020 07:17:54 GMT" time="20.227" errors="0">
  <testcase name="f" time="20.227" classname="packagesample.NewTest"/>
</testsuite> <!-- packagesample.NewTest -->
